  mage.cpp
D:\VSC Project\new\背单词项目\mage.cpp(23,69): warning C4244: “参数”: 从“double”转换到“int”，可能丢失数据
D:\VSC Project\new\背单词项目\mage.cpp(32,67): warning C4244: “参数”: 从“double”转换到“int”，可能丢失数据
D:\VSC Project\new\背单词项目\mage.cpp(41,68): warning C4244: “参数”: 从“double”转换到“int”，可能丢失数据
D:\VSC Project\new\背单词项目\mage.cpp(50,70): warning C4244: “参数”: 从“double”转换到“int”，可能丢失数据
  Demon.cpp
D:\VSC Project\new\背单词项目\Demon.cpp(27,77): warning C4244: “参数”: 从“double”转换到“int”，可能丢失数据
D:\VSC Project\new\背单词项目\Demon.cpp(27,65): warning C4244: “参数”: 从“double”转换到“int”，可能丢失数据
D:\VSC Project\new\背单词项目\Demon.cpp(36,82): warning C4244: “参数”: 从“double”转换到“int”，可能丢失数据
D:\VSC Project\new\背单词项目\Demon.cpp(36,65): warning C4244: “参数”: 从“double”转换到“int”，可能丢失数据
D:\VSC Project\new\背单词项目\Demon.cpp(45,82): warning C4244: “参数”: 从“double”转换到“int”，可能丢失数据
D:\VSC Project\new\背单词项目\Demon.cpp(45,67): warning C4244: “参数”: 从“double”转换到“int”，可能丢失数据
D:\VSC Project\new\背单词项目\Demon.cpp(54,84): warning C4244: “参数”: 从“double”转换到“int”，可能丢失数据
D:\VSC Project\new\背单词项目\Demon.cpp(54,68): warning C4244: “参数”: 从“double”转换到“int”，可能丢失数据
D:\VSC Project\new\背单词项目\Demon.cpp(68,56): warning C4244: “参数”: 从“double”转换到“int”，可能丢失数据
D:\VSC Project\new\背单词项目\Demon.cpp(68,36): warning C4244: “参数”: 从“double”转换到“int”，可能丢失数据
D:\VSC Project\new\背单词项目\Demon.cpp(108,73): warning C4244: “参数”: 从“double”转换到“int”，可能丢失数据
D:\VSC Project\new\背单词项目\Demon.cpp(108,44): warning C4244: “参数”: 从“double”转换到“int”，可能丢失数据
D:\VSC Project\new\背单词项目\Demon.cpp(116,64): warning C4244: “参数”: 从“double”转换到“int”，可能丢失数据
D:\VSC Project\new\背单词项目\Demon.cpp(116,42): warning C4244: “参数”: 从“double”转换到“int”，可能丢失数据
D:\VSC Project\new\背单词项目\Demon.cpp(127,73): warning C4244: “参数”: 从“double”转换到“int”，可能丢失数据
D:\VSC Project\new\背单词项目\Demon.cpp(127,44): warning C4244: “参数”: 从“double”转换到“int”，可能丢失数据
D:\VSC Project\new\背单词项目\Demon.cpp(152,57): warning C4244: “参数”: 从“double”转换到“int”，可能丢失数据
D:\VSC Project\new\背单词项目\Demon.cpp(152,37): warning C4244: “参数”: 从“double”转换到“int”，可能丢失数据
D:\VSC Project\new\背单词项目\Demon.cpp(165,57): warning C4244: “参数”: 从“double”转换到“int”，可能丢失数据
D:\VSC Project\new\背单词项目\Demon.cpp(165,37): warning C4244: “参数”: 从“double”转换到“int”，可能丢失数据
  gamefunction.cpp
D:\VSC Project\new\背单词项目\gamefunction.cpp(38,12): warning C4244: “初始化”: 从“double”转换到“int”，可能丢失数据
D:\VSC Project\new\背单词项目\gamefunction.cpp(39,10): warning C4244: “初始化”: 从“double”转换到“int”，可能丢失数据
D:\VSC Project\new\背单词项目\gamefunction.cpp(40,7): warning C4244: “初始化”: 从“double”转换到“int”，可能丢失数据
D:\VSC Project\new\背单词项目\gamefunction.cpp(45,67): warning C4244: “参数”: 从“double”转换到“int”，可能丢失数据
D:\VSC Project\new\背单词项目\gamefunction.cpp(46,67): warning C4244: “参数”: 从“double”转换到“int”，可能丢失数据
D:\VSC Project\new\背单词项目\gamefunction.cpp(47,67): warning C4244: “参数”: 从“double”转换到“int”，可能丢失数据
D:\VSC Project\new\背单词项目\gamefunction.cpp(48,67): warning C4244: “参数”: 从“double”转换到“int”，可能丢失数据
D:\VSC Project\new\背单词项目\gamefunction.cpp(49,67): warning C4244: “参数”: 从“double”转换到“int”，可能丢失数据
D:\VSC Project\new\背单词项目\gamefunction.cpp(96,17): warning C4244: “初始化”: 从“double”转换到“int”，可能丢失数据
D:\VSC Project\new\背单词项目\gamefunction.cpp(97,15): warning C4244: “初始化”: 从“double”转换到“int”，可能丢失数据
D:\VSC Project\new\背单词项目\gamefunction.cpp(144,10): warning C4244: “初始化”: 从“double”转换到“int”，可能丢失数据
D:\VSC Project\new\背单词项目\gamefunction.cpp(145,14): warning C4244: “初始化”: 从“double”转换到“int”，可能丢失数据
D:\VSC Project\new\背单词项目\gamefunction.cpp(146,15): warning C4244: “初始化”: 从“double”转换到“int”，可能丢失数据
D:\VSC Project\new\背单词项目\gamefunction.cpp(166,42): warning C4244: “参数”: 从“double”转换到“int”，可能丢失数据
D:\VSC Project\new\背单词项目\gamefunction.cpp(166,22): warning C4244: “参数”: 从“double”转换到“int”，可能丢失数据
D:\VSC Project\new\背单词项目\gamefunction.cpp(177,63): warning C4244: “参数”: 从“double”转换到“int”，可能丢失数据
D:\VSC Project\new\背单词项目\gamefunction.cpp(178,69): warning C4244: “参数”: 从“double”转换到“int”，可能丢失数据
D:\VSC Project\new\背单词项目\gamefunction.cpp(178,33): warning C4244: “参数”: 从“double”转换到“int”，可能丢失数据
D:\VSC Project\new\背单词项目\gamefunction.cpp(182,64): warning C4244: “参数”: 从“double”转换到“int”，可能丢失数据
D:\VSC Project\new\背单词项目\gamefunction.cpp(183,70): warning C4244: “参数”: 从“double”转换到“int”，可能丢失数据
D:\VSC Project\new\背单词项目\gamefunction.cpp(183,33): warning C4244: “参数”: 从“double”转换到“int”，可能丢失数据
D:\VSC Project\new\背单词项目\gamefunction.cpp(194,64): warning C4244: “参数”: 从“double”转换到“int”，可能丢失数据
D:\VSC Project\new\背单词项目\gamefunction.cpp(195,70): warning C4244: “参数”: 从“double”转换到“int”，可能丢失数据
D:\VSC Project\new\背单词项目\gamefunction.cpp(195,33): warning C4244: “参数”: 从“double”转换到“int”，可能丢失数据
D:\VSC Project\new\背单词项目\gamefunction.cpp(199,64): warning C4244: “参数”: 从“double”转换到“int”，可能丢失数据
D:\VSC Project\new\背单词项目\gamefunction.cpp(200,70): warning C4244: “参数”: 从“double”转换到“int”，可能丢失数据
D:\VSC Project\new\背单词项目\gamefunction.cpp(200,33): warning C4244: “参数”: 从“double”转换到“int”，可能丢失数据
D:\VSC Project\new\背单词项目\gamefunction.cpp(221,46): warning C4244: “参数”: 从“double”转换到“int”，可能丢失数据
D:\VSC Project\new\背单词项目\gamefunction.cpp(221,26): warning C4244: “参数”: 从“double”转换到“int”，可能丢失数据
D:\VSC Project\new\背单词项目\gamefunction.cpp(240,46): warning C4244: “参数”: 从“double”转换到“int”，可能丢失数据
D:\VSC Project\new\背单词项目\gamefunction.cpp(240,26): warning C4244: “参数”: 从“double”转换到“int”，可能丢失数据
D:\VSC Project\new\背单词项目\gamefunction.cpp(327,7): warning C4244: “初始化”: 从“double”转换到“int”，可能丢失数据
D:\VSC Project\new\背单词项目\gamefunction.cpp(328,14): warning C4244: “初始化”: 从“double”转换到“int”，可能丢失数据
D:\VSC Project\new\背单词项目\gamefunction.cpp(329,15): warning C4244: “初始化”: 从“double”转换到“int”，可能丢失数据
D:\VSC Project\new\背单词项目\gamefunction.cpp(332,51): warning C4244: “参数”: 从“double”转换到“int”，可能丢失数据
D:\VSC Project\new\背单词项目\gamefunction.cpp(418,7): warning C4244: “初始化”: 从“double”转换到“int”，可能丢失数据
D:\VSC Project\new\背单词项目\gamefunction.cpp(419,14): warning C4244: “初始化”: 从“double”转换到“int”，可能丢失数据
D:\VSC Project\new\背单词项目\gamefunction.cpp(420,15): warning C4244: “初始化”: 从“double”转换到“int”，可能丢失数据
D:\VSC Project\new\背单词项目\gamefunction.cpp(422,63): warning C4244: “参数”: 从“double”转换到“int”，可能丢失数据
D:\VSC Project\new\背单词项目\gamefunction.cpp(423,86): warning C4244: “参数”: 从“double”转换到“int”，可能丢失数据
D:\VSC Project\new\背单词项目\gamefunction.cpp(424,85): warning C4244: “参数”: 从“double”转换到“int”，可能丢失数据
D:\VSC Project\new\背单词项目\gamefunction.cpp(426,69): warning C4244: “参数”: 从“double”转换到“int”，可能丢失数据
D:\VSC Project\new\背单词项目\gamefunction.cpp(427,97): warning C4244: “参数”: 从“double”转换到“int”，可能丢失数据
D:\VSC Project\new\背单词项目\gamefunction.cpp(428,96): warning C4244: “参数”: 从“double”转换到“int”，可能丢失数据
D:\VSC Project\new\背单词项目\gamefunction.cpp(429,69): warning C4244: “参数”: 从“double”转换到“int”，可能丢失数据
D:\VSC Project\new\背单词项目\gamefunction.cpp(525,7): warning C4244: “初始化”: 从“double”转换到“int”，可能丢失数据
D:\VSC Project\new\背单词项目\gamefunction.cpp(526,14): warning C4244: “初始化”: 从“double”转换到“int”，可能丢失数据
D:\VSC Project\new\背单词项目\gamefunction.cpp(527,15): warning C4244: “初始化”: 从“double”转换到“int”，可能丢失数据
D:\VSC Project\new\背单词项目\gamefunction.cpp(641,62): warning C4244: “参数”: 从“double”转换到“int”，可能丢失数据
D:\VSC Project\new\背单词项目\gamefunction.cpp(641,44): warning C4244: “参数”: 从“double”转换到“int”，可能丢失数据
D:\VSC Project\new\背单词项目\gamefunction.cpp(777,50): warning C4244: “+=”: 从“double”转换到“unsigned __int64”，可能丢失数据
D:\VSC Project\new\背单词项目\gamefunction.cpp(862,10): warning C4244: “初始化”: 从“double”转换到“int”，可能丢失数据
D:\VSC Project\new\背单词项目\gamefunction.cpp(863,14): warning C4244: “初始化”: 从“double”转换到“int”，可能丢失数据
D:\VSC Project\new\背单词项目\gamefunction.cpp(864,15): warning C4244: “初始化”: 从“double”转换到“int”，可能丢失数据
D:\VSC Project\new\背单词项目\gamefunction.cpp(866,25): warning C4244: “参数”: 从“double”转换到“int”，可能丢失数据
D:\VSC Project\new\背单词项目\gamefunction.cpp(883,42): warning C4244: “参数”: 从“double”转换到“int”，可能丢失数据
D:\VSC Project\new\背单词项目\gamefunction.cpp(883,22): warning C4244: “参数”: 从“double”转换到“int”，可能丢失数据
D:\VSC Project\new\背单词项目\gamefunction.cpp(890,73): warning C4244: “参数”: 从“double”转换到“int”，可能丢失数据
D:\VSC Project\new\背单词项目\gamefunction.cpp(906,9): warning C4244: “初始化”: 从“float”转换到“int”，可能丢失数据
D:\VSC Project\new\背单词项目\gamefunction.cpp(925,20): warning C4267: “=”: 从“size_t”转换到“int”，可能丢失数据
D:\VSC Project\new\背单词项目\gamefunction.cpp(966,64): warning C4244: “参数”: 从“double”转换到“int”，可能丢失数据
D:\VSC Project\new\背单词项目\gamefunction.cpp(967,70): warning C4244: “参数”: 从“double”转换到“int”，可能丢失数据
D:\VSC Project\new\背单词项目\gamefunction.cpp(967,33): warning C4244: “参数”: 从“double”转换到“int”，可能丢失数据
D:\VSC Project\new\背单词项目\gamefunction.cpp(972,64): warning C4244: “参数”: 从“double”转换到“int”，可能丢失数据
D:\VSC Project\new\背单词项目\gamefunction.cpp(973,70): warning C4244: “参数”: 从“double”转换到“int”，可能丢失数据
D:\VSC Project\new\背单词项目\gamefunction.cpp(973,33): warning C4244: “参数”: 从“double”转换到“int”，可能丢失数据
D:\VSC Project\new\背单词项目\gamefunction.cpp(992,46): warning C4244: “参数”: 从“double”转换到“int”，可能丢失数据
D:\VSC Project\new\背单词项目\gamefunction.cpp(992,26): warning C4244: “参数”: 从“double”转换到“int”，可能丢失数据
D:\VSC Project\new\背单词项目\gamefunction.cpp(1009,46): warning C4244: “参数”: 从“double”转换到“int”，可能丢失数据
D:\VSC Project\new\背单词项目\gamefunction.cpp(1009,26): warning C4244: “参数”: 从“double”转换到“int”，可能丢失数据
D:\VSC Project\new\背单词项目\gamefunction.cpp(1232,21): warning C4267: “初始化”: 从“size_t”转换到“int”，可能丢失数据
D:\VSC Project\new\背单词项目\gamefunction.cpp(1245,59): warning C4267: “参数”: 从“size_t”转换到“int”，可能丢失数据
D:\VSC Project\new\背单词项目\gamefunction.cpp(1406,12): warning C4244: “初始化”: 从“double”转换到“int”，可能丢失数据
D:\VSC Project\new\背单词项目\gamefunction.cpp(1407,9): warning C4244: “初始化”: 从“double”转换到“int”，可能丢失数据
D:\VSC Project\new\背单词项目\gamefunction.cpp(1409,14): warning C4244: “初始化”: 从“double”转换到“int”，可能丢失数据
D:\VSC Project\new\背单词项目\gamefunction.cpp(1463,36): warning C4244: “参数”: 从“float”转换到“int”，可能丢失数据
D:\VSC Project\new\背单词项目\gamefunction.cpp(1556,30): warning C4267: “=”: 从“size_t”转换到“int”，可能丢失数据
D:\VSC Project\new\背单词项目\gamefunction.cpp(1734,30): warning C4267: “=”: 从“size_t”转换到“int”，可能丢失数据
D:\VSC Project\new\背单词项目\gamefunction.cpp(1757,52): warning C4244: “=”: 从“double”转换到“int”，可能丢失数据
D:\VSC Project\new\背单词项目\gamefunction.cpp(1775,52): warning C4244: “=”: 从“double”转换到“int”，可能丢失数据
  main.cpp
  warrior.cpp
D:\VSC Project\new\背单词项目\warrior.cpp(28,83): warning C4244: “参数”: 从“double”转换到“int”，可能丢失数据
D:\VSC Project\new\背单词项目\warrior.cpp(28,67): warning C4244: “参数”: 从“double”转换到“int”，可能丢失数据
D:\VSC Project\new\背单词项目\warrior.cpp(37,83): warning C4244: “参数”: 从“double”转换到“int”，可能丢失数据
D:\VSC Project\new\背单词项目\warrior.cpp(37,66): warning C4244: “参数”: 从“double”转换到“int”，可能丢失数据
D:\VSC Project\new\背单词项目\warrior.cpp(46,84): warning C4244: “参数”: 从“double”转换到“int”，可能丢失数据
D:\VSC Project\new\背单词项目\warrior.cpp(46,67): warning C4244: “参数”: 从“double”转换到“int”，可能丢失数据
D:\VSC Project\new\背单词项目\warrior.cpp(55,86): warning C4244: “参数”: 从“double”转换到“int”，可能丢失数据
D:\VSC Project\new\背单词项目\warrior.cpp(55,69): warning C4244: “参数”: 从“double”转换到“int”，可能丢失数据
D:\VSC Project\new\背单词项目\warrior.cpp(125,50): warning C4244: “参数”: 从“double”转换到“int”，可能丢失数据
D:\VSC Project\new\背单词项目\warrior.cpp(153,68): warning C4244: “参数”: 从“double”转换到“int”，可能丢失数据
D:\VSC Project\new\背单词项目\warrior.cpp(153,41): warning C4244: “参数”: 从“double”转换到“int”，可能丢失数据
D:\VSC Project\new\背单词项目\warrior.cpp(164,64): warning C4244: “参数”: 从“double”转换到“int”，可能丢失数据
D:\VSC Project\new\背单词项目\warrior.cpp(164,41): warning C4244: “参数”: 从“double”转换到“int”，可能丢失数据
D:\VSC Project\new\背单词项目\warrior.cpp(172,70): warning C4244: “参数”: 从“double”转换到“int”，可能丢失数据
D:\VSC Project\new\背单词项目\warrior.cpp(172,41): warning C4244: “参数”: 从“double”转换到“int”，可能丢失数据
D:\VSC Project\new\背单词项目\warrior.cpp(198,54): warning C4244: “参数”: 从“double”转换到“int”，可能丢失数据
D:\VSC Project\new\背单词项目\warrior.cpp(211,54): warning C4244: “参数”: 从“double”转换到“int”，可能丢失数据
  正在生成代码...
  背单词项目.vcxproj -> D:\VSC Project\new\x64\Debug\背单词项目.exe
